app/build/intermediates/manifest_merge_blame_file/debug/manifest-merger-blame-debug-report.txt
1<?xml version="1.0" encoding="utf-8"?>
2<manifest xmlns:android="http://schemas.android.com/apk/res/android"
3    package="com.hikigai.koichat"
4    android:versionCode="1"
5    android:versionName="1.0" >
6
7    <uses-sdk
8        android:minSdkVersion="24"
9        android:targetSdkVersion="34" />
10
11    <uses-permission android:name="android.permission.INTERNET" />
11-->src\main\AndroidManifest.xml:6:5-67
11-->src\main\AndroidManifest.xml:6:22-64
12    <uses-permission android:name="android.permission.ACCESS_NETWORK_STATE" />
12-->src\main\AndroidManifest.xml:7:5-79
12-->src\main\AndroidManifest.xml:7:22-76
13    <uses-permission android:name="android.permission.WAKE_LOCK" />
13-->src\main\AndroidManifest.xml:8:5-68
13-->src\main\AndroidManifest.xml:8:22-65
14    <uses-permission android:name="android.permission.CALL_PHONE" />
14-->src\main\AndroidManifest.xml:9:5-69
14-->src\main\AndroidManifest.xml:9:22-66
15    <uses-permission android:name="android.permission.POST_NOTIFICATIONS" /> <!-- Required by older versions of Google Play services to create IID tokens -->
15-->[com.google.firebase:firebase-messaging:23.4.1] AndroidManifest.xml:23:5-77
15-->[com.google.firebase:firebase-messaging:23.4.1] AndroidManifest.xml:23:22-74
16    <uses-permission android:name="com.google.android.c2dm.permission.RECEIVE" />
16-->[com.google.firebase:firebase-messaging:23.4.1] AndroidManifest.xml:26:5-82
16-->[com.google.firebase:firebase-messaging:23.4.1] AndroidManifest.xml:26:22-79
17    <uses-permission android:name="com.google.android.gms.permission.AD_ID" />
17-->[com.google.android.gms:play-services-measurement-api:21.5.1] AndroidManifest.xml:25:5-79
17-->[com.google.android.gms:play-services-measurement-api:21.5.1] AndroidManifest.xml:25:22-76
18    <uses-permission android:name="android.permission.ACCESS_ADSERVICES_ATTRIBUTION" />
18-->[com.google.android.gms:play-services-measurement-api:21.5.1] AndroidManifest.xml:26:5-88
18-->[com.google.android.gms:play-services-measurement-api:21.5.1] AndroidManifest.xml:26:22-85
19    <uses-permission android:name="android.permission.ACCESS_ADSERVICES_AD_ID" />
19-->[com.google.android.gms:play-services-measurement-api:21.5.1] AndroidManifest.xml:27:5-82
19-->[com.google.android.gms:play-services-measurement-api:21.5.1] AndroidManifest.xml:27:22-79
20    <uses-permission android:name="com.google.android.providers.gsf.permission.READ_GSERVICES" />
20-->[com.google.android.recaptcha:recaptcha:18.4.0] AndroidManifest.xml:9:5-98
20-->[com.google.android.recaptcha:recaptcha:18.4.0] AndroidManifest.xml:9:22-95
21    <uses-permission android:name="com.google.android.finsky.permission.BIND_GET_INSTALL_REFERRER_SERVICE" />
21-->[com.google.android.gms:play-services-measurement:21.5.1] AndroidManifest.xml:26:5-110
21-->[com.google.android.gms:play-services-measurement:21.5.1] AndroidManifest.xml:26:22-107
22
23    <permission
23-->[androidx.core:core:1.12.0] AndroidManifest.xml:22:5-24:47
24        android:name="com.hikigai.koichat.DYNAMIC_RECEIVER_NOT_EXPORTED_PERMISSION"
24-->[androidx.core:core:1.12.0] AndroidManifest.xml:23:9-81
25        android:protectionLevel="signature" />
25-->[androidx.core:core:1.12.0] AndroidManifest.xml:24:9-44
26
27    <uses-permission android:name="com.hikigai.koichat.DYNAMIC_RECEIVER_NOT_EXPORTED_PERMISSION" />
27-->[androidx.core:core:1.12.0] AndroidManifest.xml:26:5-97
27-->[androidx.core:core:1.12.0] AndroidManifest.xml:26:22-94
28
29    <application
29-->src\main\AndroidManifest.xml:11:5-79:19
30        android:name="com.hikigai.koichat.HikigaiApplication"
30-->src\main\AndroidManifest.xml:20:9-43
31        android:allowBackup="true"
31-->src\main\AndroidManifest.xml:12:9-35
32        android:appComponentFactory="androidx.core.app.CoreComponentFactory"
32-->[androidx.core:core:1.12.0] AndroidManifest.xml:28:18-86
33        android:dataExtractionRules="@xml/data_extraction_rules"
33-->src\main\AndroidManifest.xml:13:9-65
34        android:debuggable="true"
35        android:extractNativeLibs="false"
36        android:fullBackupContent="@xml/backup_rules"
36-->src\main\AndroidManifest.xml:14:9-54
37        android:icon="@mipmap/ic_launcher"
37-->src\main\AndroidManifest.xml:15:9-43
38        android:label="@string/app_name"
38-->src\main\AndroidManifest.xml:16:9-41
39        android:roundIcon="@mipmap/ic_launcher_round"
39-->src\main\AndroidManifest.xml:17:9-54
40        android:supportsRtl="true"
40-->src\main\AndroidManifest.xml:18:9-35
41        android:testOnly="true"
42        android:theme="@style/Theme.HikigaiKoiChat"
42-->src\main\AndroidManifest.xml:19:9-52
43        android:usesCleartextTraffic="true" >
43-->src\main\AndroidManifest.xml:21:9-44
44        <activity
44-->src\main\AndroidManifest.xml:24:9-34:20
45            android:name="com.hikigai.koichat.WelcomeActivity"
45-->src\main\AndroidManifest.xml:25:13-44
46            android:exported="true"
46-->src\main\AndroidManifest.xml:26:13-36
47            android:screenOrientation="portrait"
47-->src\main\AndroidManifest.xml:27:13-49
48            android:theme="@style/Theme.HikigaiKoiChat.NoActionBar"
48-->src\main\AndroidManifest.xml:28:13-68
49            android:windowSoftInputMode="adjustResize" >
49-->src\main\AndroidManifest.xml:29:13-55
50            <intent-filter>
50-->src\main\AndroidManifest.xml:30:13-33:29
51                <action android:name="android.intent.action.MAIN" />
51-->src\main\AndroidManifest.xml:31:17-69
51-->src\main\AndroidManifest.xml:31:25-66
52
53                <category android:name="android.intent.category.LAUNCHER" />
53-->src\main\AndroidManifest.xml:32:17-77
53-->src\main\AndroidManifest.xml:32:27-74
54            </intent-filter>
55        </activity>
56        <activity
56-->src\main\AndroidManifest.xml:36:9-41:58
57            android:name="com.hikigai.koichat.LoginActivity"
57-->src\main\AndroidManifest.xml:37:13-42
58            android:exported="false"
58-->src\main\AndroidManifest.xml:38:13-37
59            android:screenOrientation="portrait"
59-->src\main\AndroidManifest.xml:39:13-49
60            android:theme="@style/Theme.HikigaiKoiChat.NoActionBar"
60-->src\main\AndroidManifest.xml:40:13-68
61            android:windowSoftInputMode="adjustResize" />
61-->src\main\AndroidManifest.xml:41:13-55
62        <activity
62-->src\main\AndroidManifest.xml:43:9-48:58
63            android:name="com.hikigai.koichat.SignupActivity"
63-->src\main\AndroidManifest.xml:44:13-43
64            android:exported="false"
64-->src\main\AndroidManifest.xml:45:13-37
65            android:screenOrientation="portrait"
65-->src\main\AndroidManifest.xml:46:13-49
66            android:theme="@style/Theme.HikigaiKoiChat.NoActionBar"
66-->src\main\AndroidManifest.xml:47:13-68
67            android:windowSoftInputMode="adjustResize" />
67-->src\main\AndroidManifest.xml:48:13-55
68        <activity
68-->src\main\AndroidManifest.xml:50:9-55:58
69            android:name="com.hikigai.koichat.OtpActivity"
69-->src\main\AndroidManifest.xml:51:13-40
70            android:exported="false"
70-->src\main\AndroidManifest.xml:52:13-37
71            android:screenOrientation="portrait"
71-->src\main\AndroidManifest.xml:53:13-49
72            android:theme="@style/Theme.HikigaiKoiChat.NoActionBar"
72-->src\main\AndroidManifest.xml:54:13-68
73            android:windowSoftInputMode="adjustResize" />
73-->src\main\AndroidManifest.xml:55:13-55
74        <activity
74-->src\main\AndroidManifest.xml:57:9-63:46
75            android:name="com.hikigai.koichat.HomeActivity"
75-->src\main\AndroidManifest.xml:58:13-41
76            android:exported="true"
76-->src\main\AndroidManifest.xml:59:13-36
77            android:launchMode="singleTop"
77-->src\main\AndroidManifest.xml:63:13-43
78            android:screenOrientation="portrait"
78-->src\main\AndroidManifest.xml:60:13-49
79            android:theme="@style/Theme.HikigaiKoiChat.NoActionBar"
79-->src\main\AndroidManifest.xml:61:13-68
80            android:windowSoftInputMode="adjustResize" />
80-->src\main\AndroidManifest.xml:62:13-55
81        <activity
81-->src\main\AndroidManifest.xml:65:9-70:58
82            android:name="com.hikigai.koichat.ProfileActivity"
82-->src\main\AndroidManifest.xml:66:13-44
83            android:exported="false"
83-->src\main\AndroidManifest.xml:67:13-37
84            android:screenOrientation="portrait"
84-->src\main\AndroidManifest.xml:68:13-49
85            android:theme="@style/Theme.HikigaiKoiChat.NoActionBar"
85-->src\main\AndroidManifest.xml:69:13-68
86            android:windowSoftInputMode="adjustResize" />
86-->src\main\AndroidManifest.xml:70:13-55
87        <activity
87-->src\main\AndroidManifest.xml:72:9-77:58
88            android:name="com.hikigai.koichat.InfoActivity"
88-->src\main\AndroidManifest.xml:73:13-41
89            android:exported="false"
89-->src\main\AndroidManifest.xml:74:13-37
90            android:screenOrientation="portrait"
90-->src\main\AndroidManifest.xml:75:13-49
91            android:theme="@style/Theme.HikigaiKoiChat.NoActionBar"
91-->src\main\AndroidManifest.xml:76:13-68
92            android:windowSoftInputMode="adjustResize" />
92-->src\main\AndroidManifest.xml:77:13-55
93
94        <service
94-->[com.google.firebase:firebase-firestore-ktx:24.10.2] AndroidManifest.xml:9:9-15:19
95            android:name="com.google.firebase.components.ComponentDiscoveryService"
95-->[com.google.firebase:firebase-firestore-ktx:24.10.2] AndroidManifest.xml:10:13-84
96            android:directBootAware="true"
96-->[com.google.firebase:firebase-common:20.4.2] AndroidManifest.xml:32:13-43
97            android:exported="false" >
97-->[com.google.firebase:firebase-firestore-ktx:24.10.2] AndroidManifest.xml:11:13-37
98            <meta-data
98-->[com.google.firebase:firebase-firestore-ktx:24.10.2] AndroidManifest.xml:12:13-14:85
99                android:name="com.google.firebase.components:com.google.firebase.firestore.ktx.FirebaseFirestoreLegacyRegistrar"
99-->[com.google.firebase:firebase-firestore-ktx:24.10.2] AndroidManifest.xml:13:17-129
100                android:value="com.google.firebase.components.ComponentRegistrar" />
100-->[com.google.firebase:firebase-firestore-ktx:24.10.2] AndroidManifest.xml:14:17-82
101            <meta-data
101-->[com.google.firebase:firebase-messaging-ktx:23.4.1] AndroidManifest.xml:26:13-28:85
102                android:name="com.google.firebase.components:com.google.firebase.messaging.ktx.FirebaseMessagingLegacyRegistrar"
102-->[com.google.firebase:firebase-messaging-ktx:23.4.1] AndroidManifest.xml:27:17-129
103                android:value="com.google.firebase.components.ComponentRegistrar" />
103-->[com.google.firebase:firebase-messaging-ktx:23.4.1] AndroidManifest.xml:28:17-82
104            <meta-data
104-->[com.google.firebase:firebase-analytics-ktx:21.5.1] AndroidManifest.xml:11:13-13:85
105                android:name="com.google.firebase.components:com.google.firebase.analytics.ktx.FirebaseAnalyticsLegacyRegistrar"
105-->[com.google.firebase:firebase-analytics-ktx:21.5.1] AndroidManifest.xml:12:17-129
106                android:value="com.google.firebase.components.ComponentRegistrar" />
106-->[com.google.firebase:firebase-analytics-ktx:21.5.1] AndroidManifest.xml:13:17-82
107            <meta-data
107-->[com.google.firebase:firebase-auth-ktx:22.3.1] AndroidManifest.xml:11:13-13:85
108                android:name="com.google.firebase.components:com.google.firebase.auth.ktx.FirebaseAuthLegacyRegistrar"
108-->[com.google.firebase:firebase-auth-ktx:22.3.1] AndroidManifest.xml:12:17-119
109                android:value="com.google.firebase.components.ComponentRegistrar" />
109-->[com.google.firebase:firebase-auth-ktx:22.3.1] AndroidManifest.xml:13:17-82
110            <meta-data
110-->[com.google.firebase:firebase-firestore:24.10.2] AndroidManifest.xml:17:13-19:85
111                android:name="com.google.firebase.components:com.google.firebase.firestore.FirebaseFirestoreKtxRegistrar"
111-->[com.google.firebase:firebase-firestore:24.10.2] AndroidManifest.xml:18:17-122
112                android:value="com.google.firebase.components.ComponentRegistrar" />
112-->[com.google.firebase:firebase-firestore:24.10.2] AndroidManifest.xml:19:17-82
113            <meta-data
113-->[com.google.firebase:firebase-firestore:24.10.2] AndroidManifest.xml:20:13-22:85
114                android:name="com.google.firebase.components:com.google.firebase.firestore.FirestoreRegistrar"
114-->[com.google.firebase:firebase-firestore:24.10.2] AndroidManifest.xml:21:17-111
115                android:value="com.google.firebase.components.ComponentRegistrar" />
115-->[com.google.firebase:firebase-firestore:24.10.2] AndroidManifest.xml:22:17-82
116            <meta-data
116-->[com.google.firebase:firebase-auth:22.3.1] AndroidManifest.xml:69:13-71:85
117                android:name="com.google.firebase.components:com.google.firebase.auth.FirebaseAuthRegistrar"
117-->[com.google.firebase:firebase-auth:22.3.1] AndroidManifest.xml:70:17-109
118                android:value="com.google.firebase.components.ComponentRegistrar" />
118-->[com.google.firebase:firebase-auth:22.3.1] AndroidManifest.xml:71:17-82
119            <meta-data
119-->[com.google.firebase:firebase-messaging:23.4.1] AndroidManifest.xml:57:13-59:85
120                android:name="com.google.firebase.components:com.google.firebase.messaging.FirebaseMessagingKtxRegistrar"
120-->[com.google.firebase:firebase-messaging:23.4.1] AndroidManifest.xml:58:17-122
121                android:value="com.google.firebase.components.ComponentRegistrar" />
121-->[com.google.firebase:firebase-messaging:23.4.1] AndroidManifest.xml:59:17-82
122            <meta-data
122-->[com.google.firebase:firebase-messaging:23.4.1] AndroidManifest.xml:60:13-62:85
123                android:name="com.google.firebase.components:com.google.firebase.messaging.FirebaseMessagingRegistrar"
123-->[com.google.firebase:firebase-messaging:23.4.1] AndroidManifest.xml:61:17-119
124                android:value="com.google.firebase.components.ComponentRegistrar" />
124-->[com.google.firebase:firebase-messaging:23.4.1] AndroidManifest.xml:62:17-82
125            <meta-data
125-->[com.google.android.gms:play-services-measurement-api:21.5.1] AndroidManifest.xml:37:13-39:85
126                android:name="com.google.firebase.components:com.google.firebase.analytics.connector.internal.AnalyticsConnectorRegistrar"
126-->[com.google.android.gms:play-services-measurement-api:21.5.1] AndroidManifest.xml:38:17-139
127                android:value="com.google.firebase.components.ComponentRegistrar" />
127-->[com.google.android.gms:play-services-measurement-api:21.5.1] AndroidManifest.xml:39:17-82
128            <meta-data
128-->[com.google.firebase:firebase-installations:17.2.0] AndroidManifest.xml:15:13-17:85
129                android:name="com.google.firebase.components:com.google.firebase.installations.FirebaseInstallationsKtxRegistrar"
129-->[com.google.firebase:firebase-installations:17.2.0] AndroidManifest.xml:16:17-130
130                android:value="com.google.firebase.components.ComponentRegistrar" />
130-->[com.google.firebase:firebase-installations:17.2.0] AndroidManifest.xml:17:17-82
131            <meta-data
131-->[com.google.firebase:firebase-installations:17.2.0] AndroidManifest.xml:18:13-20:85
132                android:name="com.google.firebase.components:com.google.firebase.installations.FirebaseInstallationsRegistrar"
132-->[com.google.firebase:firebase-installations:17.2.0] AndroidManifest.xml:19:17-127
133                android:value="com.google.firebase.components.ComponentRegistrar" />
133-->[com.google.firebase:firebase-installations:17.2.0] AndroidManifest.xml:20:17-82
134            <meta-data
134-->[com.google.firebase:firebase-common-ktx:20.4.2] AndroidManifest.xml:12:13-14:85
135                android:name="com.google.firebase.components:com.google.firebase.ktx.FirebaseCommonLegacyRegistrar"
135-->[com.google.firebase:firebase-common-ktx:20.4.2] AndroidManifest.xml:13:17-116
136                android:value="com.google.firebase.components.ComponentRegistrar" />
136-->[com.google.firebase:firebase-common-ktx:20.4.2] AndroidManifest.xml:14:17-82
137            <meta-data
137-->[com.google.firebase:firebase-common:20.4.2] AndroidManifest.xml:35:13-37:85
138                android:name="com.google.firebase.components:com.google.firebase.FirebaseCommonKtxRegistrar"
138-->[com.google.firebase:firebase-common:20.4.2] AndroidManifest.xml:36:17-109
139                android:value="com.google.firebase.components.ComponentRegistrar" />
139-->[com.google.firebase:firebase-common:20.4.2] AndroidManifest.xml:37:17-82
140            <meta-data
140-->[com.google.firebase:firebase-datatransport:18.1.7] AndroidManifest.xml:27:13-29:85
141                android:name="com.google.firebase.components:com.google.firebase.datatransport.TransportRegistrar"
141-->[com.google.firebase:firebase-datatransport:18.1.7] AndroidManifest.xml:28:17-115
142                android:value="com.google.firebase.components.ComponentRegistrar" />
142-->[com.google.firebase:firebase-datatransport:18.1.7] AndroidManifest.xml:29:17-82
143        </service>
144
145        <activity
145-->[com.google.firebase:firebase-auth:22.3.1] AndroidManifest.xml:29:9-46:20
146            android:name="com.google.firebase.auth.internal.GenericIdpActivity"
146-->[com.google.firebase:firebase-auth:22.3.1] AndroidManifest.xml:30:13-80
147            android:excludeFromRecents="true"
147-->[com.google.firebase:firebase-auth:22.3.1] AndroidManifest.xml:31:13-46
148            android:exported="true"
148-->[com.google.firebase:firebase-auth:22.3.1] AndroidManifest.xml:32:13-36
149            android:launchMode="singleTask"
149-->[com.google.firebase:firebase-auth:22.3.1] AndroidManifest.xml:33:13-44
150            android:theme="@android:style/Theme.Translucent.NoTitleBar" >
150-->[com.google.firebase:firebase-auth:22.3.1] AndroidManifest.xml:34:13-72
151            <intent-filter>
151-->[com.google.firebase:firebase-auth:22.3.1] AndroidManifest.xml:35:13-45:29
152                <action android:name="android.intent.action.VIEW" />
152-->[com.google.firebase:firebase-auth:22.3.1] AndroidManifest.xml:36:17-69
152-->[com.google.firebase:firebase-auth:22.3.1] AndroidManifest.xml:36:25-66
153
154                <category android:name="android.intent.category.DEFAULT" />
154-->[com.google.firebase:firebase-auth:22.3.1] AndroidManifest.xml:38:17-76
154-->[com.google.firebase:firebase-auth:22.3.1] AndroidManifest.xml:38:27-73
155                <category android:name="android.intent.category.BROWSABLE" />
155-->[com.google.firebase:firebase-auth:22.3.1] AndroidManifest.xml:39:17-78
155-->[com.google.firebase:firebase-auth:22.3.1] AndroidManifest.xml:39:27-75
156
157                <data
157-->[com.google.firebase:firebase-auth:22.3.1] AndroidManifest.xml:41:17-44:51
158                    android:host="firebase.auth"
158-->[com.google.firebase:firebase-auth:22.3.1] AndroidManifest.xml:42:21-49
159                    android:path="/"
159-->[com.google.firebase:firebase-auth:22.3.1] AndroidManifest.xml:43:21-37
160                    android:scheme="genericidp" />
160-->[com.google.firebase:firebase-auth:22.3.1] AndroidManifest.xml:44:21-48
161            </intent-filter>
162        </activity>
163        <activity
163-->[com.google.firebase:firebase-auth:22.3.1] AndroidManifest.xml:47:9-64:20
164            android:name="com.google.firebase.auth.internal.RecaptchaActivity"
164-->[com.google.firebase:firebase-auth:22.3.1] AndroidManifest.xml:48:13-79
165            android:excludeFromRecents="true"
165-->[com.google.firebase:firebase-auth:22.3.1] AndroidManifest.xml:49:13-46
166            android:exported="true"
166-->[com.google.firebase:firebase-auth:22.3.1] AndroidManifest.xml:50:13-36
167            android:launchMode="singleTask"
167-->[com.google.firebase:firebase-auth:22.3.1] AndroidManifest.xml:51:13-44
168            android:theme="@android:style/Theme.Translucent.NoTitleBar" >
168-->[com.google.firebase:firebase-auth:22.3.1] AndroidManifest.xml:52:13-72
169            <intent-filter>
169-->[com.google.firebase:firebase-auth:22.3.1] AndroidManifest.xml:53:13-63:29
170                <action android:name="android.intent.action.VIEW" />
170-->[com.google.firebase:firebase-auth:22.3.1] AndroidManifest.xml:36:17-69
170-->[com.google.firebase:firebase-auth:22.3.1] AndroidManifest.xml:36:25-66
171
172                <category android:name="android.intent.category.DEFAULT" />
172-->[com.google.firebase:firebase-auth:22.3.1] AndroidManifest.xml:38:17-76
172-->[com.google.firebase:firebase-auth:22.3.1] AndroidManifest.xml:38:27-73
173                <category android:name="android.intent.category.BROWSABLE" />
173-->[com.google.firebase:firebase-auth:22.3.1] AndroidManifest.xml:39:17-78
173-->[com.google.firebase:firebase-auth:22.3.1] AndroidManifest.xml:39:27-75
174
175                <data
175-->[com.google.firebase:firebase-auth:22.3.1] AndroidManifest.xml:41:17-44:51
176                    android:host="firebase.auth"
176-->[com.google.firebase:firebase-auth:22.3.1] AndroidManifest.xml:42:21-49
177                    android:path="/"
177-->[com.google.firebase:firebase-auth:22.3.1] AndroidManifest.xml:43:21-37
178                    android:scheme="recaptcha" />
178-->[com.google.firebase:firebase-auth:22.3.1] AndroidManifest.xml:44:21-48
179            </intent-filter>
180        </activity>
181
182        <receiver
182-->[com.google.firebase:firebase-messaging:23.4.1] AndroidManifest.xml:29:9-40:20
183            android:name="com.google.firebase.iid.FirebaseInstanceIdReceiver"
183-->[com.google.firebase:firebase-messaging:23.4.1] AndroidManifest.xml:30:13-78
184            android:exported="true"
184-->[com.google.firebase:firebase-messaging:23.4.1] AndroidManifest.xml:31:13-36
185            android:permission="com.google.android.c2dm.permission.SEND" >
185-->[com.google.firebase:firebase-messaging:23.4.1] AndroidManifest.xml:32:13-73
186            <intent-filter>
186-->[com.google.firebase:firebase-messaging:23.4.1] AndroidManifest.xml:33:13-35:29
187                <action android:name="com.google.android.c2dm.intent.RECEIVE" />
187-->[com.google.firebase:firebase-messaging:23.4.1] AndroidManifest.xml:34:17-81
187-->[com.google.firebase:firebase-messaging:23.4.1] AndroidManifest.xml:34:25-78
188            </intent-filter>
189
190            <meta-data
190-->[com.google.firebase:firebase-messaging:23.4.1] AndroidManifest.xml:37:13-39:40
191                android:name="com.google.android.gms.cloudmessaging.FINISHED_AFTER_HANDLED"
191-->[com.google.firebase:firebase-messaging:23.4.1] AndroidManifest.xml:38:17-92
192                android:value="true" />
192-->[com.google.firebase:firebase-messaging:23.4.1] AndroidManifest.xml:39:17-37
193        </receiver>
194        <!--
195             FirebaseMessagingService performs security checks at runtime,
196             but set to not exported to explicitly avoid allowing another app to call it.
197        -->
198        <service
198-->[com.google.firebase:firebase-messaging:23.4.1] AndroidManifest.xml:46:9-53:19
199            android:name="com.google.firebase.messaging.FirebaseMessagingService"
199-->[com.google.firebase:firebase-messaging:23.4.1] AndroidManifest.xml:47:13-82
200            android:directBootAware="true"
200-->[com.google.firebase:firebase-messaging:23.4.1] AndroidManifest.xml:48:13-43
201            android:exported="false" >
201-->[com.google.firebase:firebase-messaging:23.4.1] AndroidManifest.xml:49:13-37
202            <intent-filter android:priority="-500" >
202-->[com.google.firebase:firebase-messaging:23.4.1] AndroidManifest.xml:50:13-52:29
202-->[com.google.firebase:firebase-messaging:23.4.1] AndroidManifest.xml:50:28-51
203                <action android:name="com.google.firebase.MESSAGING_EVENT" />
203-->[com.google.firebase:firebase-messaging:23.4.1] AndroidManifest.xml:51:17-78
203-->[com.google.firebase:firebase-messaging:23.4.1] AndroidManifest.xml:51:25-75
204            </intent-filter>
205        </service>
206
207        <property
207-->[com.google.android.gms:play-services-measurement-api:21.5.1] AndroidManifest.xml:30:9-32:61
208            android:name="android.adservices.AD_SERVICES_CONFIG"
208-->[com.google.android.gms:play-services-measurement-api:21.5.1] AndroidManifest.xml:31:13-65
209            android:resource="@xml/ga_ad_services_config" />
209-->[com.google.android.gms:play-services-measurement-api:21.5.1] AndroidManifest.xml:32:13-58
210
211        <activity
211-->[com.google.android.gms:play-services-auth:20.7.0] AndroidManifest.xml:23:9-27:75
212            android:name="com.google.android.gms.auth.api.signin.internal.SignInHubActivity"
212-->[com.google.android.gms:play-services-auth:20.7.0] AndroidManifest.xml:24:13-93
213            android:excludeFromRecents="true"
213-->[com.google.android.gms:play-services-auth:20.7.0] AndroidManifest.xml:25:13-46
214            android:exported="false"
214-->[com.google.android.gms:play-services-auth:20.7.0] AndroidManifest.xml:26:13-37
215            android:theme="@android:style/Theme.Translucent.NoTitleBar" />
215-->[com.google.android.gms:play-services-auth:20.7.0] AndroidManifest.xml:27:13-72
216        <!--
217            Service handling Google Sign-In user revocation. For apps that do not integrate with
218            Google Sign-In, this service will never be started.
219        -->
220        <service
220-->[com.google.android.gms:play-services-auth:20.7.0] AndroidManifest.xml:33:9-37:51
221            android:name="com.google.android.gms.auth.api.signin.RevocationBoundService"
221-->[com.google.android.gms:play-services-auth:20.7.0] AndroidManifest.xml:34:13-89
222            android:exported="true"
222-->[com.google.android.gms:play-services-auth:20.7.0] AndroidManifest.xml:35:13-36
223            android:permission="com.google.android.gms.auth.api.signin.permission.REVOCATION_NOTIFICATION"
223-->[com.google.android.gms:play-services-auth:20.7.0] AndroidManifest.xml:36:13-107
224            android:visibleToInstantApps="true" />
224-->[com.google.android.gms:play-services-auth:20.7.0] AndroidManifest.xml:37:13-48
225
226        <activity
226-->[com.google.android.gms:play-services-base:18.3.0] AndroidManifest.xml:20:9-22:45
227            android:name="com.google.android.gms.common.api.GoogleApiActivity"
227-->[com.google.android.gms:play-services-base:18.3.0] AndroidManifest.xml:20:19-85
228            android:exported="false"
228-->[com.google.android.gms:play-services-base:18.3.0] AndroidManifest.xml:22:19-43
229            android:theme="@android:style/Theme.Translucent.NoTitleBar" />
229-->[com.google.android.gms:play-services-base:18.3.0] AndroidManifest.xml:21:19-78
230
231        <provider
231-->[com.google.firebase:firebase-common:20.4.2] AndroidManifest.xml:23:9-28:39
232            android:name="com.google.firebase.provider.FirebaseInitProvider"
232-->[com.google.firebase:firebase-common:20.4.2] AndroidManifest.xml:24:13-77
233            android:authorities="com.hikigai.koichat.firebaseinitprovider"
233-->[com.google.firebase:firebase-common:20.4.2] AndroidManifest.xml:25:13-72
234            android:directBootAware="true"
234-->[com.google.firebase:firebase-common:20.4.2] AndroidManifest.xml:26:13-43
235            android:exported="false"
235-->[com.google.firebase:firebase-common:20.4.2] AndroidManifest.xml:27:13-37
236            android:initOrder="100" />
236-->[com.google.firebase:firebase-common:20.4.2] AndroidManifest.xml:28:13-36
237
238        <receiver
238-->[com.google.android.gms:play-services-measurement:21.5.1] AndroidManifest.xml:29:9-33:20
239            android:name="com.google.android.gms.measurement.AppMeasurementReceiver"
239-->[com.google.android.gms:play-services-measurement:21.5.1] AndroidManifest.xml:30:13-85
240            android:enabled="true"
240-->[com.google.android.gms:play-services-measurement:21.5.1] AndroidManifest.xml:31:13-35
241            android:exported="false" >
241-->[com.google.android.gms:play-services-measurement:21.5.1] AndroidManifest.xml:32:13-37
242        </receiver>
243
244        <service
244-->[com.google.android.gms:play-services-measurement:21.5.1] AndroidManifest.xml:35:9-38:40
245            android:name="com.google.android.gms.measurement.AppMeasurementService"
245-->[com.google.android.gms:play-services-measurement:21.5.1] AndroidManifest.xml:36:13-84
246            android:enabled="true"
246-->[com.google.android.gms:play-services-measurement:21.5.1] AndroidManifest.xml:37:13-35
247            android:exported="false" />
247-->[com.google.android.gms:play-services-measurement:21.5.1] AndroidManifest.xml:38:13-37
248        <service
248-->[com.google.android.gms:play-services-measurement:21.5.1] AndroidManifest.xml:39:9-43:72
249            android:name="com.google.android.gms.measurement.AppMeasurementJobService"
249-->[com.google.android.gms:play-services-measurement:21.5.1] AndroidManifest.xml:40:13-87
250            android:enabled="true"
250-->[com.google.android.gms:play-services-measurement:21.5.1] AndroidManifest.xml:41:13-35
251            android:exported="false"
251-->[com.google.android.gms:play-services-measurement:21.5.1] AndroidManifest.xml:42:13-37
252            android:permission="android.permission.BIND_JOB_SERVICE" />
252-->[com.google.android.gms:play-services-measurement:21.5.1] AndroidManifest.xml:43:13-69
253
254        <uses-library
254-->[androidx.privacysandbox.ads:ads-adservices:1.0.0-beta05] AndroidManifest.xml:23:9-25:40
255            android:name="android.ext.adservices"
255-->[androidx.privacysandbox.ads:ads-adservices:1.0.0-beta05] AndroidManifest.xml:24:13-50
256            android:required="false" />
256-->[androidx.privacysandbox.ads:ads-adservices:1.0.0-beta05] AndroidManifest.xml:25:13-37
257
258        <meta-data